<?xml version="1.0" encoding="UTF-8"?>
<!-- Generated by org.testng.reporters.JUnitXMLReporter -->
<testsuite ignored="0" hostname="DESKTOP-GOFGMSM" failures="0" tests="3" name="Default test" time="0.13" errors="0" timestamp="2023-01-27T19:35:51 IST">
  <testcase classname="idiendhya.Annotationsss" name="createcontact" time="0.024"/>
  <testcase classname="idiendhya.Annotationsss" name="modifycontact" time="0.005"/>
  <testcase classname="idiendhya.Annotationsss" name="deletecontact" time="0.005"/>
</testsuite> <!-- Default test -->
