<?xml version="1.0" encoding="UTF-8"?>
<testng-results ignored="0" total="1" passed="1" failed="0" skipped="0">
  <reporter-output>
    <line>
      <![CDATA[1]]>
    </line>
  </reporter-output>
  <suite started-at="2023-07-26T17:17:08 IST" name="Default suite" finished-at="2023-07-26T17:17:08 IST" duration-ms="79">
    <groups>
    </groups>
    <test started-at="2023-07-26T17:17:08 IST" name="Default test" finished-at="2023-07-26T17:17:08 IST" duration-ms="79">
      <class name="idiendhya.Today">
        <test-method signature="test()[pri:0, instance:idiendhya.Today@56cdfb3b]" started-at="2023-07-26T17:17:08 IST" name="test" finished-at="2023-07-26T17:17:08 IST" duration-ms="12" status="PASS">
          <reporter-output>
            <line>
              <![CDATA[1]]>
            </line>
          </reporter-output>
        </test-method> <!-- test -->
      </class> <!-- idiendhya.Today -->
    </test> <!-- Default test -->
  </suite> <!-- Default suite -->
</testng-results>
